{
  "stats": {
    "suites": 6,
    "tests": 6,
    "passes": 6,
    "pending": 0,
    "failures": 0,
    "testsRegistered": 6,
    "passPercent": 100,
    "pendingPercent": 0,
    "other": 0,
    "hasOther": false,
    "skipped": 0,
    "hasSkipped": false,
    "start": "2024-02-27T03:26:21.005Z",
    "end": "2024-02-27T03:26:52.388Z",
    "duration": 31383
  },
  "results": [
    {
      "uuid": "b701ae30-2053-4fed-8fad-fd748a6371ba",
      "title": "",
      "fullFile": "cypress/api/test_api.cy.js",
      "file": "cypress/api/test_api.cy.js",
      "beforeHooks": [],
      "afterHooks": [],
      "tests": [],
      "suites": [
        {
          "uuid": "a2dbd8b4-dd08-452a-9e47-a08051ac94e1",
          "title": "test API",
          "fullFile": "",
          "file": "",
          "beforeHooks": [],
          "afterHooks": [],
          "tests": [
            {
              "title": "passes",
              "fullTitle": "test API passes",
              "timedOut": null,
              "duration": 93,
              "state": "passed",
              "speed": "fast",
              "pass": true,
              "fail": false,
              "pending": false,
              "context": null,
              "code": "cy.request('GET', 'localhost:3000/api/v1/posts/1').as('response');\ncy.get('@response').then(response => {\n  expect(response.status).to.eq(200);\n  expect(response.body).to.have.property('id');\n  expect(response.body.id).to.eq(1);\n  expect(response.body.title).to.eq('test');\n});",
              "err": {},
              "uuid": "07a9549f-cc4c-4eea-98f8-90255ef775e4",
              "parentUUID": "a2dbd8b4-dd08-452a-9e47-a08051ac94e1",
              "isHook": false,
              "skipped": false
            }
          ],
          "suites": [],
          "passes": [
            "07a9549f-cc4c-4eea-98f8-90255ef775e4"
          ],
          "failures": [],
          "pending": [],
          "skipped": [],
          "duration": 93,
          "root": false,
          "rootEmpty": false,
          "_timeout": 2000
        }
      ],
      "passes": [],
      "failures": [],
      "pending": [],
      "skipped": [],
      "duration": 0,
      "root": true,
      "rootEmpty": true,
      "_timeout": 2000
    },
    {
      "uuid": "437d826c-c310-46e4-bfc3-6d1d3e4e3593",
      "title": "",
      "fullFile": "cypress/e2e/compare.cy.js",
      "file": "cypress/e2e/compare.cy.js",
      "beforeHooks": [],
      "afterHooks": [],
      "tests": [],
      "suites": [
        {
          "uuid": "9b2c5151-3e7b-44fd-8a09-7cf55ef4ee0e",
          "title": "template spec",
          "fullFile": "",
          "file": "",
          "beforeHooks": [],
          "afterHooks": [],
          "tests": [
            {
              "title": "passes",
              "fullTitle": "template spec passes",
              "timedOut": null,
              "duration": 690,
              "state": "passed",
              "speed": "fast",
              "pass": true,
              "fail": false,
              "pending": false,
              "context": null,
              "code": "homePage.visit('https://example.cypress.io');\n// cy.screenshot('before');\nhomePageAssert.visitSuccess();\nhomePage.elements.eq(1).click();\nhomePage.click(homePage.buttonElement);\n// cy.screenshot('after');\ncy.request('https://example.cypress.io');\n// cy.compareImages('before', 'after').then(percentChanged => {\n// expect(percentChanged).to.be.lessThan(0.01); // Assert images are similar\n// });",
              "err": {},
              "uuid": "c0b27cc7-89d3-451c-9791-f5686f1c337d",
              "parentUUID": "9b2c5151-3e7b-44fd-8a09-7cf55ef4ee0e",
              "isHook": false,
              "skipped": false
            }
          ],
          "suites": [],
          "passes": [
            "c0b27cc7-89d3-451c-9791-f5686f1c337d"
          ],
          "failures": [],
          "pending": [],
          "skipped": [],
          "duration": 690,
          "root": false,
          "rootEmpty": false,
          "_timeout": 2000
        }
      ],
      "passes": [],
      "failures": [],
      "pending": [],
      "skipped": [],
      "duration": 0,
      "root": true,
      "rootEmpty": true,
      "_timeout": 2000
    },
    {
      "uuid": "66a47050-196b-4cba-9c1e-d389ada743e3",
      "title": "",
      "fullFile": "cypress/e2e/test.cy.js",
      "file": "cypress/e2e/test.cy.js",
      "beforeHooks": [],
      "afterHooks": [],
      "tests": [],
      "suites": [
        {
          "uuid": "8363381f-c205-4db6-bc24-bfbdfcee0764",
          "title": "template spec",
          "fullFile": "",
          "file": "",
          "beforeHooks": [],
          "afterHooks": [],
          "tests": [
            {
              "title": "passes",
              "fullTitle": "template spec passes",
              "timedOut": null,
              "duration": 524,
              "state": "passed",
              "speed": "fast",
              "pass": true,
              "fail": false,
              "pending": false,
              "context": null,
              "code": "homePage.visit('https://example.cypress.io');\nhomePageAssert.visitSuccess();\nhomePage.elements.eq(1).click();\nhomePage.click(homePage.buttonElement);",
              "err": {},
              "uuid": "768332e9-393c-448c-bf9c-53549f738688",
              "parentUUID": "8363381f-c205-4db6-bc24-bfbdfcee0764",
              "isHook": false,
              "skipped": false
            }
          ],
          "suites": [],
          "passes": [
            "768332e9-393c-448c-bf9c-53549f738688"
          ],
          "failures": [],
          "pending": [],
          "skipped": [],
          "duration": 524,
          "root": false,
          "rootEmpty": false,
          "_timeout": 2000
        }
      ],
      "passes": [],
      "failures": [],
      "pending": [],
      "skipped": [],
      "duration": 0,
      "root": true,
      "rootEmpty": true,
      "_timeout": 2000
    },
    {
      "uuid": "b3b0c38c-1784-4c92-91fd-319466735b73",
      "title": "",
      "fullFile": "cypress/e2e/compare.cy.js",
      "file": "cypress/e2e/compare.cy.js",
      "beforeHooks": [],
      "afterHooks": [],
      "tests": [],
      "suites": [
        {
          "uuid": "08653d70-8dc8-42ce-856d-d9e4692db7de",
          "title": "template spec",
          "fullFile": "",
          "file": "",
          "beforeHooks": [],
          "afterHooks": [],
          "tests": [
            {
              "title": "passes",
              "fullTitle": "template spec passes",
              "timedOut": null,
              "duration": 740,
              "state": "passed",
              "speed": "fast",
              "pass": true,
              "fail": false,
              "pending": false,
              "context": null,
              "code": "homePage.visit('https://example.cypress.io');\n// cy.screenshot('before');\nhomePageAssert.visitSuccess();\nhomePage.elements.eq(1).click();\nhomePage.click(homePage.buttonElement);\n// cy.screenshot('after');\ncy.request('https://example.cypress.io');\n// cy.compareImages('before', 'after').then(percentChanged => {\n// expect(percentChanged).to.be.lessThan(0.01); // Assert images are similar\n// });",
              "err": {},
              "uuid": "d77f8df3-3708-4fef-9e3c-d7e12b609dd5",
              "parentUUID": "08653d70-8dc8-42ce-856d-d9e4692db7de",
              "isHook": false,
              "skipped": false
            }
          ],
          "suites": [],
          "passes": [
            "d77f8df3-3708-4fef-9e3c-d7e12b609dd5"
          ],
          "failures": [],
          "pending": [],
          "skipped": [],
          "duration": 740,
          "root": false,
          "rootEmpty": false,
          "_timeout": 2000
        }
      ],
      "passes": [],
      "failures": [],
      "pending": [],
      "skipped": [],
      "duration": 0,
      "root": true,
      "rootEmpty": true,
      "_timeout": 2000
    },
    {
      "uuid": "c9513bb8-ad9a-4951-83f5-bc2c75ff4f7b",
      "title": "",
      "fullFile": "cypress/e2e/test.cy.js",
      "file": "cypress/e2e/test.cy.js",
      "beforeHooks": [],
      "afterHooks": [],
      "tests": [],
      "suites": [
        {
          "uuid": "cb7ffa0f-acdf-4db9-ad24-86de464284b9",
          "title": "template spec",
          "fullFile": "",
          "file": "",
          "beforeHooks": [],
          "afterHooks": [],
          "tests": [
            {
              "title": "passes",
              "fullTitle": "template spec passes",
              "timedOut": null,
              "duration": 578,
              "state": "passed",
              "speed": "fast",
              "pass": true,
              "fail": false,
              "pending": false,
              "context": null,
              "code": "homePage.visit('https://example.cypress.io');\nhomePageAssert.visitSuccess();\nhomePage.elements.eq(1).click();\nhomePage.click(homePage.buttonElement);",
              "err": {},
              "uuid": "65e05aef-1705-4c2c-a64b-3907ed1d12a0",
              "parentUUID": "cb7ffa0f-acdf-4db9-ad24-86de464284b9",
              "isHook": false,
              "skipped": false
            }
          ],
          "suites": [],
          "passes": [
            "65e05aef-1705-4c2c-a64b-3907ed1d12a0"
          ],
          "failures": [],
          "pending": [],
          "skipped": [],
          "duration": 578,
          "root": false,
          "rootEmpty": false,
          "_timeout": 2000
        }
      ],
      "passes": [],
      "failures": [],
      "pending": [],
      "skipped": [],
      "duration": 0,
      "root": true,
      "rootEmpty": true,
      "_timeout": 2000
    },
    {
      "uuid": "f8c14b91-4563-4914-a9f9-907d0cd81d7b",
      "title": "",
      "fullFile": "cypress/api/test_api.cy.js",
      "file": "cypress/api/test_api.cy.js",
      "beforeHooks": [],
      "afterHooks": [],
      "tests": [],
      "suites": [
        {
          "uuid": "10be4c7f-0674-474c-b54d-c5819683fec2",
          "title": "test API",
          "fullFile": "",
          "file": "",
          "beforeHooks": [],
          "afterHooks": [],
          "tests": [
            {
              "title": "passes",
              "fullTitle": "test API passes",
              "timedOut": null,
              "duration": 112,
              "state": "passed",
              "speed": "fast",
              "pass": true,
              "fail": false,
              "pending": false,
              "context": null,
              "code": "cy.request('GET', 'localhost:3000/api/v1/posts/1').as('response');\ncy.get('@response').then(response => {\n  expect(response.status).to.eq(200);\n  expect(response.body).to.have.property('id');\n  expect(response.body.id).to.eq(1);\n  expect(response.body.title).to.eq('test');\n});",
              "err": {},
              "uuid": "3d5085fa-7503-4ec9-9a70-c6e01d43e190",
              "parentUUID": "10be4c7f-0674-474c-b54d-c5819683fec2",
              "isHook": false,
              "skipped": false
            }
          ],
          "suites": [],
          "passes": [
            "3d5085fa-7503-4ec9-9a70-c6e01d43e190"
          ],
          "failures": [],
          "pending": [],
          "skipped": [],
          "duration": 112,
          "root": false,
          "rootEmpty": false,
          "_timeout": 2000
        }
      ],
      "passes": [],
      "failures": [],
      "pending": [],
      "skipped": [],
      "duration": 0,
      "root": true,
      "rootEmpty": true,
      "_timeout": 2000
    }
  ],
  "meta": {
    "mocha": {
      "version": "7.0.1"
    },
    "mochawesome": {
      "options": {
        "quiet": false,
        "reportFilename": "mochawesome",
        "saveHtml": true,
        "saveJson": true,
        "consoleReporter": "spec",
        "useInlineDiffs": false,
        "code": true
      },
      "version": "7.1.3"
    },
    "marge": {
      "options": {
        "reportDir": "cypress/results",
        "overwrite": false,
        "html": true
      },
      "version": "6.2.0"
    }
  }
}